Arguments: 
  /usr/local/bin/node /usr/local/bin/yarn start

PATH: 
  /usr/local/opt/llvm/bin:/Users/mrooze/opt/anaconda3/condabin:/usr/local/bin:/usr/local/opt/bison/bin:/usr/local/sbin:/Users/mrooze/flutter/bin:/usr/local/opt/llvm/bin:/usr/local/opt/llvm/bin:/usr/local/opt/openldap/sbin:/usr/local/opt/openldap/bin:/usr/local/opt/openldap/sbin:/usr/local/opt/openldap/bin:/Users/mrooze/.yarn/bin:/Users/mrooze/.config/yarn/global/node_modules/.bin:/usr/local/bin:/usr/bin:/bin:/usr/sbin:/sbin:/usr/local/go/bin:/opt/X11/bin:/Library/Apple/usr/bin:/Library/Frameworks/Mono.framework/Versions/Current/Commands:/Applications/Wireshark.app/Contents/MacOS:/Users/mrooze/.cargo/bin:/Users/mrooze/Library/Android/sdk/tools/emulator:/Users/mrooze/Library/Android/sdk/tools

Yarn version: 
  1.22.17

Node version: 
  14.17.5

Platform: 
  darwin x64

Trace: 
  SyntaxError: /Users/mrooze/Desktop/vscode-demo-ext/package.json: Unexpected token / in JSON at position 280
      at JSON.parse (<anonymous>)
      at /usr/local/lib/node_modules/yarn/lib/cli.js:1625:59
      at Generator.next (<anonymous>)
      at step (/usr/local/lib/node_modules/yarn/lib/cli.js:310:30)
      at /usr/local/lib/node_modules/yarn/lib/cli.js:321:13

npm manifest: 
  {
    "name": "vscode-demo-ext",
    "version": "1.0.0",
    "main": "src/index.js",
    "scripts": {
      "prepare": "husky install",
      "start": "node .",
      "eslint": "eslint --fix \"**/**.js\"",
      "prettier": "prettier --write  \"**/**.js\" ",
      "format": "npm run prettier"
      // "postinstall": "npx husky-init && npm install "
    },
    "license": "MIT",
    "dependencies": {
      "applescript": "^1.0.0"
    },
    "devDependencies": {
      "eslint": "^8.2.0",
      "eslint-config-google": "^0.14.0",
      "eslint-config-prettier": "^8.3.0",
      "eslint-plugin-json": "^3.1.0",
      "eslint-plugin-prettier": "^4.0.0",
      "husky": "^7.0.0",
      "prettier": "^2.4.1"
    },
    "husky": {
      "hooks": {
        "pre-commit": "npm run prettier && eslint . --fix && npm run eslint"
      }
    }
  }

yarn manifest: 
  No manifest

Lockfile: 
  # THIS IS AN AUTOGENERATED FILE. DO NOT EDIT THIS FILE DIRECTLY.
  # yarn lockfile v1
  
  
  "@eslint/eslintrc@^1.0.4":
    version "1.0.4"
    resolved "https://registry.npmmirror.com/@eslint/eslintrc/download/@eslint/eslintrc-1.0.4.tgz?cache=0&sync_timestamp=1636146895324&other_urls=https%3A%2F%2Fregistry.npmmirror.com%2F%40eslint%2Feslintrc%2Fdownload%2F%40eslint%2Feslintrc-1.0.4.tgz"
    integrity sha1-3+D/e6JwhI0Qxa3QcV4ElkwDSzE=
    dependencies:
      ajv "^6.12.4"
      debug "^4.3.2"
      espree "^9.0.0"
      globals "^13.9.0"
      ignore "^4.0.6"
      import-fresh "^3.2.1"
      js-yaml "^4.1.0"
      minimatch "^3.0.4"
      strip-json-comments "^3.1.1"
  
  "@humanwhocodes/config-array@^0.6.0":
    version "0.6.0"
    resolved "https://registry.npmmirror.com/@humanwhocodes/config-array/download/@humanwhocodes/config-array-0.6.0.tgz?cache=0&sync_timestamp=1635880739605&other_urls=https%3A%2F%2Fregistry.npmmirror.com%2F%40humanwhocodes%2Fconfig-array%2Fdownload%2F%40humanwhocodes%2Fconfig-array-0.6.0.tgz"
    integrity sha1-tWIf2zsyMJ0tFldUVsvCd/qPAho=
    dependencies:
      "@humanwhocodes/object-schema" "^1.2.0"
      debug "^4.1.1"
      minimatch "^3.0.4"
  
  "@humanwhocodes/object-schema@^1.2.0":
    version "1.2.1"
    resolved "https://registry.npmmirror.com/@humanwhocodes/object-schema/download/@humanwhocodes/object-schema-1.2.1.tgz"
    integrity sha1-tSBSnsIdjllFoYUd/Rwy6U45/0U=
  
  acorn-jsx@^5.3.1:
    version "5.3.2"
    resolved "https://registry.nlark.com/acorn-jsx/download/acorn-jsx-5.3.2.tgz?cache=0&sync_timestamp=1625793240297&other_urls=https%3A%2F%2Fregistry.nlark.com%2Facorn-jsx%2Fdownload%2Facorn-jsx-5.3.2.tgz"
    integrity sha1-ftW7VZCLOy8bxVxq8WU7rafweTc=
  
  acorn@^8.5.0:
    version "8.6.0"
    resolved "https://registry.npmmirror.com/acorn/download/acorn-8.6.0.tgz?cache=0&sync_timestamp=1637225522161&other_urls=https%3A%2F%2Fregistry.npmmirror.com%2Facorn%2Fdownload%2Facorn-8.6.0.tgz"
    integrity sha512-U1riIR+lBSNi3IbxtaHOIKdH8sLFv3NYfNv8sg7ZsNhcfl4HF2++BfqqrNAxoCLQW1iiylOj76ecnaUxz+z9yw==
  
  ajv@^6.10.0, ajv@^6.12.4:
    version "6.12.6"
    resolved "https://registry.npmmirror.com/ajv/download/ajv-6.12.6.tgz?cache=0&sync_timestamp=1637094066870&other_urls=https%3A%2F%2Fregistry.npmmirror.com%2Fajv%2Fdownload%2Fajv-6.12.6.tgz"
    integrity sha1-uvWmLoArB9l3A0WG+MO69a3ybfQ=
    dependencies:
      fast-deep-equal "^3.1.1"
      fast-json-stable-stringify "^2.0.0"
      json-schema-traverse "^0.4.1"
      uri-js "^4.2.2"
  
  ansi-colors@^4.1.1:
    version "4.1.1"
    resolved "https://registry.npm.taobao.org/ansi-colors/download/ansi-colors-4.1.1.tgz"
    integrity sha1-y7muJWv3UK8eqzRPIpqif+lLo0g=
  
  ansi-regex@^5.0.1:
    version "5.0.1"
    resolved "https://registry.nlark.com/ansi-regex/download/ansi-regex-5.0.1.tgz?cache=0&sync_timestamp=1631634988487&other_urls=https%3A%2F%2Fregistry.nlark.com%2Fansi-regex%2Fdownload%2Fansi-regex-5.0.1.tgz"
    integrity sha1-CCyyyJyf6GWaMRpTvWpNxTAdswQ=
  
  ansi-styles@^4.1.0:
    version "4.3.0"
    resolved "https://registry.nlark.com/ansi-styles/download/ansi-styles-4.3.0.tgz"
    integrity sha1-7dgDYornHATIWuegkG7a00tkiTc=
    dependencies:
      color-convert "^2.0.1"
  
  applescript@^1.0.0:
    version "1.0.0"
    resolved "https://registry.npmmirror.com/applescript/download/applescript-1.0.0.tgz"
    integrity sha1-u4evVoytA0pOSMS9r2Bno6JwExc=
  
  argparse@^2.0.1:
    version "2.0.1"
    resolved "https://registry.nlark.com/argparse/download/argparse-2.0.1.tgz"
    integrity sha1-JG9Q88p4oyQPbJl+ipvR6sSeSzg=
  
  balanced-match@^1.0.0:
    version "1.0.2"
    resolved "https://registry.nlark.com/balanced-match/download/balanced-match-1.0.2.tgz"
    integrity sha1-6D46fj8wCzTLnYf2FfoMvzV2kO4=
  
  brace-expansion@^1.1.7:
    version "1.1.11"
    resolved "https://registry.nlark.com/brace-expansion/download/brace-expansion-1.1.11.tgz"
    integrity sha1-PH/L9SnYcibz0vUrlm/1Jx60Qd0=
    dependencies:
      balanced-match "^1.0.0"
      concat-map "0.0.1"
  
  callsites@^3.0.0:
    version "3.1.0"
    resolved "https://registry.nlark.com/callsites/download/callsites-3.1.0.tgz?cache=0&sync_timestamp=1628464722297&other_urls=https%3A%2F%2Fregistry.nlark.com%2Fcallsites%2Fdownload%2Fcallsites-3.1.0.tgz"
    integrity sha1-s2MKvYlDQy9Us/BRkjjjPNffL3M=
  
  chalk@^4.0.0:
    version "4.1.2"
    resolved "https://registry.nlark.com/chalk/download/chalk-4.1.2.tgz?cache=0&sync_timestamp=1627646655305&other_urls=https%3A%2F%2Fregistry.nlark.com%2Fchalk%2Fdownload%2Fchalk-4.1.2.tgz"
    integrity sha1-qsTit3NKdAhnrrFr8CqtVWoeegE=
    dependencies:
      ansi-styles "^4.1.0"
      supports-color "^7.1.0"
  
  color-convert@^2.0.1:
    version "2.0.1"
    resolved "https://registry.npm.taobao.org/color-convert/download/color-convert-2.0.1.tgz"
    integrity sha1-ctOmjVmMm9s68q0ehPIdiWq9TeM=
    dependencies:
      color-name "~1.1.4"
  
  color-name@~1.1.4:
    version "1.1.4"
    resolved "https://registry.nlark.com/color-name/download/color-name-1.1.4.tgz"
    integrity sha1-wqCah6y95pVD3m9j+jmVyCbFNqI=
  
  concat-map@0.0.1:
    version "0.0.1"
    resolved "https://registry.npm.taobao.org/concat-map/download/concat-map-0.0.1.tgz"
    integrity sha1-2Klr13/Wjfd5OnMDajug1UBdR3s=
  
  cross-spawn@^7.0.2:
    version "7.0.3"
    resolved "https://registry.nlark.com/cross-spawn/download/cross-spawn-7.0.3.tgz"
    integrity sha1-9zqFudXUHQRVUcF34ogtSshXKKY=
    dependencies:
      path-key "^3.1.0"
      shebang-command "^2.0.0"
      which "^2.0.1"
  
  debug@^4.1.1, debug@^4.3.2:
    version "4.3.2"
    resolved "https://registry.npmmirror.com/debug/download/debug-4.3.2.tgz"
    integrity sha1-8KScGKyHeeMdSgxgKd+3aHPHQos=
    dependencies:
      ms "2.1.2"
  
  deep-is@^0.1.3:
    version "0.1.4"
    resolved "https://registry.nlark.com/deep-is/download/deep-is-0.1.4.tgz"
    integrity sha1-pvLc5hL63S7x9Rm3NVHxfoUZmDE=
  
  doctrine@^3.0.0:
    version "3.0.0"
    resolved "https://registry.nlark.com/doctrine/download/doctrine-3.0.0.tgz"
    integrity sha1-rd6+rXKmV023g2OdyHoSF3OXOWE=
    dependencies:
      esutils "^2.0.2"
  
  enquirer@^2.3.5:
    version "2.3.6"
    resolved "https://registry.npm.taobao.org/enquirer/download/enquirer-2.3.6.tgz"
    integrity sha1-Kn/l3WNKHkElqXXsmU/1RW3Dc00=
    dependencies:
      ansi-colors "^4.1.1"
  
  escape-string-regexp@^4.0.0:
    version "4.0.0"
    resolved "https://registry.npm.taobao.org/escape-string-regexp/download/escape-string-regexp-4.0.0.tgz?cache=0&sync_timestamp=1618677243201&other_urls=https%3A%2F%2Fregistry.npm.taobao.org%2Fescape-string-regexp%2Fdownload%2Fescape-string-regexp-4.0.0.tgz"
    integrity sha1-FLqDpdNz49MR5a/KKc9b+tllvzQ=
  
  eslint-config-google@^0.14.0:
    version "0.14.0"
    resolved "https://registry.npm.taobao.org/eslint-config-google/download/eslint-config-google-0.14.0.tgz"
    integrity sha1-T1+HWbpuEbQkKUohnb+hjFCLzBo=
  
  eslint-config-prettier@^8.3.0:
    version "8.3.0"
    resolved "https://registry.nlark.com/eslint-config-prettier/download/eslint-config-prettier-8.3.0.tgz"
    integrity sha1-90cbILb+ipqSVMxoRFQgKIai3Xo=
  
  eslint-plugin-json@^3.1.0:
    version "3.1.0"
    resolved "https://registry.nlark.com/eslint-plugin-json/download/eslint-plugin-json-3.1.0.tgz#251108ba1681c332e0a442ef9513bd293619de67"
    integrity sha1-JREIuhaBwzLgpELvlRO9KTYZ3mc=
    dependencies:
      lodash "^4.17.21"
      vscode-json-languageservice "^4.1.6"
  
  eslint-plugin-prettier@^4.0.0:
    version "4.0.0"
    resolved "https://registry.npmmirror.com/eslint-plugin-prettier/download/eslint-plugin-prettier-4.0.0.tgz"
    integrity sha1-i5nR5LiySnYkcrRWeZICNhnLmOA=
    dependencies:
      prettier-linter-helpers "^1.0.0"
  
  eslint-scope@^6.0.0:
    version "6.0.0"
    resolved "https://registry.npmmirror.com/eslint-scope/download/eslint-scope-6.0.0.tgz?cache=0&sync_timestamp=1637044463207&other_urls=https%3A%2F%2Fregistry.npmmirror.com%2Feslint-scope%2Fdownload%2Feslint-scope-6.0.0.tgz"
    integrity sha1-nPRbE8Wsjz1MUPRqUSH2Gz4xiXg=
    dependencies:
      esrecurse "^4.3.0"
      estraverse "^5.2.0"
  
  eslint-utils@^3.0.0:
    version "3.0.0"
    resolved "https://registry.nlark.com/eslint-utils/download/eslint-utils-3.0.0.tgz"
    integrity sha1-iuuvrOc0W7M1WdsKHxOh0tSMNnI=
    dependencies:
      eslint-visitor-keys "^2.0.0"
  
  eslint-visitor-keys@^2.0.0:
    version "2.1.0"
    resolved "https://registry.npmmirror.com/eslint-visitor-keys/download/eslint-visitor-keys-2.1.0.tgz?cache=0&sync_timestamp=1636378421298&other_urls=https%3A%2F%2Fregistry.npmmirror.com%2Feslint-visitor-keys%2Fdownload%2Feslint-visitor-keys-2.1.0.tgz"
    integrity sha1-9lMoJZMFknOSyTjtROsKXJsr0wM=
  
  eslint-visitor-keys@^3.0.0:
    version "3.1.0"
    resolved "https://registry.npmmirror.com/eslint-visitor-keys/download/eslint-visitor-keys-3.1.0.tgz?cache=0&sync_timestamp=1636378421298&other_urls=https%3A%2F%2Fregistry.npmmirror.com%2Feslint-visitor-keys%2Fdownload%2Feslint-visitor-keys-3.1.0.tgz"
    integrity sha512-yWJFpu4DtjsWKkt5GeNBBuZMlNcYVs6vRCLoCVEJrTjaSB6LC98gFipNK/erM2Heg/E8mIK+hXG/pJMLK+eRZA==
  
  eslint@^8.2.0:
    version "8.2.0"
    resolved "https://registry.npmmirror.com/eslint/download/eslint-8.2.0.tgz?cache=0&sync_timestamp=1636156033142&other_urls=https%3A%2F%2Fregistry.npmmirror.com%2Feslint%2Fdownload%2Feslint-8.2.0.tgz"
    integrity sha1-RNP7UG0PhmpQbZeg/A6Q7m0GqBU=
    dependencies:
      "@eslint/eslintrc" "^1.0.4"
      "@humanwhocodes/config-array" "^0.6.0"
      ajv "^6.10.0"
      chalk "^4.0.0"
      cross-spawn "^7.0.2"
      debug "^4.3.2"
      doctrine "^3.0.0"
      enquirer "^2.3.5"
      escape-string-regexp "^4.0.0"
      eslint-scope "^6.0.0"
      eslint-utils "^3.0.0"
      eslint-visitor-keys "^3.0.0"
      espree "^9.0.0"
      esquery "^1.4.0"
      esutils "^2.0.2"
      fast-deep-equal "^3.1.3"
      file-entry-cache "^6.0.1"
      functional-red-black-tree "^1.0.1"
      glob-parent "^6.0.1"
      globals "^13.6.0"
      ignore "^4.0.6"
      import-fresh "^3.0.0"
      imurmurhash "^0.1.4"
      is-glob "^4.0.0"
      js-yaml "^4.1.0"
      json-stable-stringify-without-jsonify "^1.0.1"
      levn "^0.4.1"
      lodash.merge "^4.6.2"
      minimatch "^3.0.4"
      natural-compare "^1.4.0"
      optionator "^0.9.1"
      progress "^2.0.0"
      regexpp "^3.2.0"
      semver "^7.2.1"
      strip-ansi "^6.0.1"
      strip-json-comments "^3.1.0"
      text-table "^0.2.0"
      v8-compile-cache "^2.0.3"
  
  espree@^9.0.0:
    version "9.0.0"
    resolved "https://registry.nlark.com/espree/download/espree-9.0.0.tgz?cache=0&sync_timestamp=1631307150472&other_urls=https%3A%2F%2Fregistry.nlark.com%2Fespree%2Fdownload%2Fespree-9.0.0.tgz"
    integrity sha1-6QopZWmCKFAudxx6WEibGp0QcJA=
    dependencies:
      acorn "^8.5.0"
      acorn-jsx "^5.3.1"
      eslint-visitor-keys "^3.0.0"
  
  esquery@^1.4.0:
    version "1.4.0"
    resolved "https://registry.npm.taobao.org/esquery/download/esquery-1.4.0.tgz"
    integrity sha1-IUj/w4uC6McFff7UhCWz5h8PJKU=
    dependencies:
      estraverse "^5.1.0"
  
  esrecurse@^4.3.0:
    version "4.3.0"
    resolved "https://registry.nlark.com/esrecurse/download/esrecurse-4.3.0.tgz"
    integrity sha1-eteWTWeauyi+5yzsY3WLHF0smSE=
    dependencies:
      estraverse "^5.2.0"
  
  estraverse@^5.1.0, estraverse@^5.2.0:
    version "5.3.0"
    resolved "https://registry.npmmirror.com/estraverse/download/estraverse-5.3.0.tgz"
    integrity sha1-LupSkHAvJquP5TcDcP+GyWXSESM=
  
  esutils@^2.0.2:
    version "2.0.3"
    resolved "https://registry.npm.taobao.org/esutils/download/esutils-2.0.3.tgz"
    integrity sha1-dNLrTeC42hKTcRkQ1Qd1ubcQ72Q=
  
  fast-deep-equal@^3.1.1, fast-deep-equal@^3.1.3:
    version "3.1.3"
    resolved "https://registry.npm.taobao.org/fast-deep-equal/download/fast-deep-equal-3.1.3.tgz"
    integrity sha1-On1WtVnWy8PrUSMlJE5hmmXGxSU=
  
  fast-diff@^1.1.2:
    version "1.2.0"
    resolved "https://registry.npm.taobao.org/fast-diff/download/fast-diff-1.2.0.tgz"
    integrity sha1-c+4RmC2Gyq95WYKNUZz+kn+sXwM=
  
  fast-json-stable-stringify@^2.0.0:
    version "2.1.0"
    resolved "https://registry.nlark.com/fast-json-stable-stringify/download/fast-json-stable-stringify-2.1.0.tgz"
    integrity sha1-h0v2nG9ATCtdmcSBNBOZ/VWJJjM=
  
  fast-levenshtein@^2.0.6:
    version "2.0.6"
    resolved "https://registry.nlark.com/fast-levenshtein/download/fast-levenshtein-2.0.6.tgz"
    integrity sha1-PYpcZog6FqMMqGQ+hR8Zuqd5eRc=
  
  file-entry-cache@^6.0.1:
    version "6.0.1"
    resolved "https://registry.nlark.com/file-entry-cache/download/file-entry-cache-6.0.1.tgz"
    integrity sha1-IRst2WWcsDlLBz5zI6w8kz1SICc=
    dependencies:
      flat-cache "^3.0.4"
  
  flat-cache@^3.0.4:
    version "3.0.4"
    resolved "https://registry.npm.taobao.org/flat-cache/download/flat-cache-3.0.4.tgz?cache=0&sync_timestamp=1604831838291&other_urls=https%3A%2F%2Fregistry.npm.taobao.org%2Fflat-cache%2Fdownload%2Fflat-cache-3.0.4.tgz"
    integrity sha1-YbAzgwKy/p+Vfcwy/CqH8cMEixE=
    dependencies:
      flatted "^3.1.0"
      rimraf "^3.0.2"
  
  flatted@^3.1.0:
    version "3.2.4"
    resolved "https://registry.npmmirror.com/flatted/download/flatted-3.2.4.tgz?cache=0&sync_timestamp=1636473890358&other_urls=https%3A%2F%2Fregistry.npmmirror.com%2Fflatted%2Fdownload%2Fflatted-3.2.4.tgz"
    integrity sha512-8/sOawo8tJ4QOBX8YlQBMxL8+RLZfxMQOif9o0KUKTNTjMYElWPE0r/m5VNFxTRd0NSw8qSy8dajrwX4RYI1Hw==
  
  fs.realpath@^1.0.0:
    version "1.0.0"
    resolved "https://registry.npm.taobao.org/fs.realpath/download/fs.realpath-1.0.0.tgz"
    integrity sha1-FQStJSMVjKpA20onh8sBQRmU6k8=
  
  functional-red-black-tree@^1.0.1:
    version "1.0.1"
    resolved "https://registry.nlark.com/functional-red-black-tree/download/functional-red-black-tree-1.0.1.tgz"
    integrity sha1-GwqzvVU7Kg1jmdKcDj6gslIHgyc=
  
  glob-parent@^6.0.1:
    version "6.0.2"
    resolved "https://registry.npmmirror.com/glob-parent/download/glob-parent-6.0.2.tgz"
    integrity sha1-bSN9mQg5UMeSkPJMdkKj3poo+eM=
    dependencies:
      is-glob "^4.0.3"
  
  glob@^7.1.3:
    version "7.2.0"
    resolved "https://registry.npmmirror.com/glob/download/glob-7.2.0.tgz"
    integrity sha1-0VU1r3cy4C6Uj0xBYovZECk/YCM=
    dependencies:
      fs.realpath "^1.0.0"
      inflight "^1.0.4"
      inherits "2"
      minimatch "^3.0.4"
      once "^1.3.0"
      path-is-absolute "^1.0.0"
  
  globals@^13.6.0, globals@^13.9.0:
    version "13.12.0"
    resolved "https://registry.npmmirror.com/globals/download/globals-13.12.0.tgz"
    integrity sha1-TXM3YDBCMKAILtluIeXFZfiYCJ4=
    dependencies:
      type-fest "^0.20.2"
  
  has-flag@^4.0.0:
    version "4.0.0"
    resolved "https://registry.nlark.com/has-flag/download/has-flag-4.0.0.tgz"
    integrity sha1-lEdx/ZyByBJlxNaUGGDaBrtZR5s=
  
  husky@^7.0.0:
    version "7.0.4"
    resolved "https://registry.npmmirror.com/husky/download/husky-7.0.4.tgz#242048245dc49c8fb1bf0cc7cfb98dd722531535"
    integrity sha1-JCBIJF3EnI+xvwzHz7mN1yJTFTU=
  
  ignore@^4.0.6:
    version "4.0.6"
    resolved "https://registry.npmmirror.com/ignore/download/ignore-4.0.6.tgz?cache=0&sync_timestamp=1635926632542&other_urls=https%3A%2F%2Fregistry.npmmirror.com%2Fignore%2Fdownload%2Fignore-4.0.6.tgz"
    integrity sha1-dQ49tYYgh7RzfrrIIH/9HvJ7Jfw=
  
  import-fresh@^3.0.0, import-fresh@^3.2.1:
    version "3.3.0"
    resolved "https://registry.npm.taobao.org/import-fresh/download/import-fresh-3.3.0.tgz"
    integrity sha1-NxYsJfy566oublPVtNiM4X2eDCs=
    dependencies:
      parent-module "^1.0.0"
      resolve-from "^4.0.0"
  
  imurmurhash@^0.1.4:
    version "0.1.4"
    resolved "https://registry.npm.taobao.org/imurmurhash/download/imurmurhash-0.1.4.tgz"
    integrity sha1-khi5srkoojixPcT7a21XbyMUU+o=
  
  inflight@^1.0.4:
    version "1.0.6"
    resolved "https://registry.npm.taobao.org/inflight/download/inflight-1.0.6.tgz"
    integrity sha1-Sb1jMdfQLQwJvJEKEHW6gWW1bfk=
    dependencies:
      once "^1.3.0"
      wrappy "1"
  
  inherits@2:
    version "2.0.4"
    resolved "https://registry.npm.taobao.org/inherits/download/inherits-2.0.4.tgz"
    integrity sha1-D6LGT5MpF8NDOg3tVTY6rjdBa3w=
  
  is-extglob@^2.1.1:
    version "2.1.1"
    resolved "https://registry.npm.taobao.org/is-extglob/download/is-extglob-2.1.1.tgz"
    integrity sha1-qIwCU1eR8C7TfHahueqXc8gz+MI=
  
  is-glob@^4.0.0, is-glob@^4.0.3:
    version "4.0.3"
    resolved "https://registry.npmmirror.com/is-glob/download/is-glob-4.0.3.tgz"
    integrity sha1-ZPYeQsu7LuwgcanawLKLoeZdUIQ=
    dependencies:
      is-extglob "^2.1.1"
  
  isexe@^2.0.0:
    version "2.0.0"
    resolved "https://registry.nlark.com/isexe/download/isexe-2.0.0.tgz"
    integrity sha1-6PvzdNxVb/iUehDcsFctYz8s+hA=
  
  js-yaml@^4.1.0:
    version "4.1.0"
    resolved "https://registry.npm.taobao.org/js-yaml/download/js-yaml-4.1.0.tgz"
    integrity sha1-wftl+PUBeQHN0slRhkuhhFihBgI=
    dependencies:
      argparse "^2.0.1"
  
  json-schema-traverse@^0.4.1:
    version "0.4.1"
    resolved "https://registry.npm.taobao.org/json-schema-traverse/download/json-schema-traverse-0.4.1.tgz?cache=0&sync_timestamp=1607999852153&other_urls=https%3A%2F%2Fregistry.npm.taobao.org%2Fjson-schema-traverse%2Fdownload%2Fjson-schema-traverse-0.4.1.tgz"
    integrity sha1-afaofZUTq4u4/mO9sJecRI5oRmA=
  
  json-stable-stringify-without-jsonify@^1.0.1:
    version "1.0.1"
    resolved "https://registry.nlark.com/json-stable-stringify-without-jsonify/download/json-stable-stringify-without-jsonify-1.0.1.tgz"
    integrity sha1-nbe1lJatPzz+8wp1FC0tkwrXJlE=
  
  jsonc-parser@^3.0.0:
    version "3.0.0"
    resolved "https://registry.nlark.com/jsonc-parser/download/jsonc-parser-3.0.0.tgz#abdd785701c7e7eaca8a9ec8cf070ca51a745a22"
    integrity sha1-q914VwHH5+rKip7IzwcMpRp0WiI=
  
  levn@^0.4.1:
    version "0.4.1"
    resolved "https://registry.nlark.com/levn/download/levn-0.4.1.tgz"
    integrity sha1-rkViwAdHO5MqYgDUAyaN0v/8at4=
    dependencies:
      prelude-ls "^1.2.1"
      type-check "~0.4.0"
  
  lodash.merge@^4.6.2:
    version "4.6.2"
    resolved "https://registry.nlark.com/lodash.merge/download/lodash.merge-4.6.2.tgz"
    integrity sha1-VYqlO0O2YeGSWgr9+japoQhf5Xo=
  
  lodash@^4.17.21:
    version "4.17.21"
    resolved "https://registry.nlark.com/lodash/download/lodash-4.17.21.tgz#679591c564c3bffaae8454cf0b3df370c3d6911c"
    integrity sha1-Z5WRxWTDv/quhFTPCz3zcMPWkRw=
  
  lru-cache@^6.0.0:
    version "6.0.0"
    resolved "https://registry.nlark.com/lru-cache/download/lru-cache-6.0.0.tgz"
    integrity sha1-bW/mVw69lqr5D8rR2vo7JWbbOpQ=
    dependencies:
      yallist "^4.0.0"
  
  minimatch@^3.0.4:
    version "3.0.4"
    resolved "https://registry.npm.taobao.org/minimatch/download/minimatch-3.0.4.tgz"
    integrity sha1-UWbihkV/AzBgZL5Ul+jbsMPTIIM=
    dependencies:
      brace-expansion "^1.1.7"
  
  ms@2.1.2:
    version "2.1.2"
    resolved "https://registry.npmmirror.com/ms/download/ms-2.1.2.tgz"
    integrity sha1-0J0fNXtEP0kzgqjrPM0YOHKuYAk=
  
  natural-compare@^1.4.0:
    version "1.4.0"
    resolved "https://registry.npm.taobao.org/natural-compare/download/natural-compare-1.4.0.tgz"
    integrity sha1-Sr6/7tdUHywnrPspvbvRXI1bpPc=
  
  once@^1.3.0:
    version "1.4.0"
    resolved "https://registry.npm.taobao.org/once/download/once-1.4.0.tgz"
    integrity sha1-WDsap3WWHUsROsF9nFC6753Xa9E=
    dependencies:
      wrappy "1"
  
  optionator@^0.9.1:
    version "0.9.1"
    resolved "https://registry.npm.taobao.org/optionator/download/optionator-0.9.1.tgz"
    integrity sha1-TyNqY3Pa4FZqbUPhMmZ09QwpFJk=
    dependencies:
      deep-is "^0.1.3"
      fast-levenshtein "^2.0.6"
      levn "^0.4.1"
      prelude-ls "^1.2.1"
      type-check "^0.4.0"
      word-wrap "^1.2.3"
  
  parent-module@^1.0.0:
    version "1.0.1"
    resolved "https://registry.npmmirror.com/parent-module/download/parent-module-1.0.1.tgz"
    integrity sha1-aR0nCeeMefrjoVZiJFLQB2LKqqI=
    dependencies:
      callsites "^3.0.0"
  
  path-is-absolute@^1.0.0:
    version "1.0.1"
    resolved "https://registry.npm.taobao.org/path-is-absolute/download/path-is-absolute-1.0.1.tgz"
    integrity sha1-F0uSaHNVNP+8es5r9TpanhtcX18=
  
  path-key@^3.1.0:
    version "3.1.1"
    resolved "https://registry.npm.taobao.org/path-key/download/path-key-3.1.1.tgz?cache=0&sync_timestamp=1617971695678&other_urls=https%3A%2F%2Fregistry.npm.taobao.org%2Fpath-key%2Fdownload%2Fpath-key-3.1.1.tgz"
    integrity sha1-WB9q3mWMu6ZaDTOA3ndTKVBU83U=
  
  prelude-ls@^1.2.1:
    version "1.2.1"
    resolved "https://registry.nlark.com/prelude-ls/download/prelude-ls-1.2.1.tgz"
    integrity sha1-3rxkidem5rDnYRiIzsiAM30xY5Y=
  
  prettier-linter-helpers@^1.0.0:
    version "1.0.0"
    resolved "https://registry.nlark.com/prettier-linter-helpers/download/prettier-linter-helpers-1.0.0.tgz"
    integrity sha1-0j1B/hN1ZG3i0BBNNFSjAIgCz3s=
    dependencies:
      fast-diff "^1.1.2"
  
  prettier@^2.4.1:
    version "2.4.1"
    resolved "https://registry.nlark.com/prettier/download/prettier-2.4.1.tgz?cache=0&sync_timestamp=1631777167012&other_urls=https%3A%2F%2Fregistry.nlark.com%2Fprettier%2Fdownload%2Fprettier-2.4.1.tgz"
    integrity sha1-Zx4RyJwUpM/Ids5WQQbEpnJsn1w=
  
  progress@^2.0.0:
    version "2.0.3"
    resolved "https://registry.npm.taobao.org/progress/download/progress-2.0.3.tgz?cache=0&sync_timestamp=1599054255267&other_urls=https%3A%2F%2Fregistry.npm.taobao.org%2Fprogress%2Fdownload%2Fprogress-2.0.3.tgz"
    integrity sha1-foz42PW48jnBvGi+tOt4Vn1XLvg=
  
  punycode@^2.1.0:
    version "2.1.1"
    resolved "https://registry.npm.taobao.org/punycode/download/punycode-2.1.1.tgz"
    integrity sha1-tYsBCsQMIsVldhbI0sLALHv0eew=
  
  regexpp@^3.2.0:
    version "3.2.0"
    resolved "https://registry.nlark.com/regexpp/download/regexpp-3.2.0.tgz"
    integrity sha1-BCWido2PI7rXDKS5BGH6LxIT4bI=
  
  resolve-from@^4.0.0:
    version "4.0.0"
    resolved "https://registry.nlark.com/resolve-from/download/resolve-from-4.0.0.tgz"
    integrity sha1-SrzYUq0y3Xuqv+m0DgCjbbXzkuY=
  
  rimraf@^3.0.2:
    version "3.0.2"
    resolved "https://registry.npm.taobao.org/rimraf/download/rimraf-3.0.2.tgz"
    integrity sha1-8aVAK6YiCtUswSgrrBrjqkn9Bho=
    dependencies:
      glob "^7.1.3"
  
  semver@^7.2.1:
    version "7.3.5"
    resolved "https://registry.npm.taobao.org/semver/download/semver-7.3.5.tgz"
    integrity sha1-C2Ich5NI2JmOSw5L6Us/EuYBjvc=
    dependencies:
      lru-cache "^6.0.0"
  
  shebang-command@^2.0.0:
    version "2.0.0"
    resolved "https://registry.npm.taobao.org/shebang-command/download/shebang-command-2.0.0.tgz"
    integrity sha1-zNCvT4g1+9wmW4JGGq8MNmY/NOo=
    dependencies:
      shebang-regex "^3.0.0"
  
  shebang-regex@^3.0.0:
    version "3.0.0"
    resolved "https://registry.nlark.com/shebang-regex/download/shebang-regex-3.0.0.tgz?cache=0&sync_timestamp=1628896299850&other_urls=https%3A%2F%2Fregistry.nlark.com%2Fshebang-regex%2Fdownload%2Fshebang-regex-3.0.0.tgz"
    integrity sha1-rhbxZE2HPsrYQ7AwexQzYtTEIXI=
  
  strip-ansi@^6.0.1:
    version "6.0.1"
    resolved "https://registry.npmmirror.com/strip-ansi/download/strip-ansi-6.0.1.tgz"
    integrity sha1-nibGPTD1NEPpSJSVshBdN7Z6hdk=
    dependencies:
      ansi-regex "^5.0.1"
  
  strip-json-comments@^3.1.0, strip-json-comments@^3.1.1:
    version "3.1.1"
    resolved "https://registry.nlark.com/strip-json-comments/download/strip-json-comments-3.1.1.tgz"
    integrity sha1-MfEoGzgyYwQ0gxwxDAHMzajL4AY=
  
  supports-color@^7.1.0:
    version "7.2.0"
    resolved "https://registry.npmmirror.com/supports-color/download/supports-color-7.2.0.tgz"
    integrity sha1-G33NyzK4E4gBs+R4umpRyqiWSNo=
    dependencies:
      has-flag "^4.0.0"
  
  text-table@^0.2.0:
    version "0.2.0"
    resolved "https://registry.npm.taobao.org/text-table/download/text-table-0.2.0.tgz"
    integrity sha1-f17oI66AUgfACvLfSoTsP8+lcLQ=
  
  type-check@^0.4.0, type-check@~0.4.0:
    version "0.4.0"
    resolved "https://registry.npm.taobao.org/type-check/download/type-check-0.4.0.tgz"
    integrity sha1-B7ggO/pwVsBlcFDjzNLDdzC6uPE=
    dependencies:
      prelude-ls "^1.2.1"
  
  type-fest@^0.20.2:
    version "0.20.2"
    resolved "https://registry.npmmirror.com/type-fest/download/type-fest-0.20.2.tgz?cache=0&sync_timestamp=1637149949006&other_urls=https%3A%2F%2Fregistry.npmmirror.com%2Ftype-fest%2Fdownload%2Ftype-fest-0.20.2.tgz"
    integrity sha1-G/IH9LKPkVg2ZstfvTJ4hzAc1fQ=
  
  uri-js@^4.2.2:
    version "4.4.1"
    resolved "https://registry.nlark.com/uri-js/download/uri-js-4.4.1.tgz"
    integrity sha1-mxpSWVIlhZ5V9mnZKPiMbFfyp34=
    dependencies:
      punycode "^2.1.0"
  
  v8-compile-cache@^2.0.3:
    version "2.3.0"
    resolved "https://registry.npm.taobao.org/v8-compile-cache/download/v8-compile-cache-2.3.0.tgz?cache=0&sync_timestamp=1614993639567&other_urls=https%3A%2F%2Fregistry.npm.taobao.org%2Fv8-compile-cache%2Fdownload%2Fv8-compile-cache-2.3.0.tgz"
    integrity sha1-LeGWGMZtwkfc+2+ZM4A12CRaLO4=
  
  vscode-json-languageservice@^4.1.6:
    version "4.1.10"
    resolved "https://registry.npmmirror.com/vscode-json-languageservice/download/vscode-json-languageservice-4.1.10.tgz#5d5729fc4f3e02f41599e0104523a1877c25f0fb"
    integrity sha512-IHliMEEYSY0tJjJt0ECb8ESx/nRXpoy9kN42WVQXgaqGyizFAf3jibSiezDQTrrY7f3kywXggCU+kkJEM+OLZQ==
    dependencies:
      jsonc-parser "^3.0.0"
      vscode-languageserver-textdocument "^1.0.1"
      vscode-languageserver-types "^3.16.0"
      vscode-nls "^5.0.0"
      vscode-uri "^3.0.2"
  
  vscode-languageserver-textdocument@^1.0.1:
    version "1.0.2"
    resolved "https://registry.npmmirror.com/vscode-languageserver-textdocument/download/vscode-languageserver-textdocument-1.0.2.tgz?cache=0&sync_timestamp=1633677962746&other_urls=https%3A%2F%2Fregistry.npmmirror.com%2Fvscode-languageserver-textdocument%2Fdownload%2Fvscode-languageserver-textdocument-1.0.2.tgz#2f9f6bd5b5eb3d8e21424c0c367009216f016236"
    integrity sha1-L59r1bXrPY4hQkwMNnAJIW8BYjY=
  
  vscode-languageserver-types@^3.16.0:
    version "3.16.0"
    resolved "https://registry.npmmirror.com/vscode-languageserver-types/download/vscode-languageserver-types-3.16.0.tgz?cache=0&sync_timestamp=1633677962429&other_urls=https%3A%2F%2Fregistry.npmmirror.com%2Fvscode-languageserver-types%2Fdownload%2Fvscode-languageserver-types-3.16.0.tgz#ecf393fc121ec6974b2da3efb3155644c514e247"
    integrity sha1-7POT/BIexpdLLaPvsxVWRMUU4kc=
  
  vscode-nls@^5.0.0:
    version "5.0.0"
    resolved "https://registry.npm.taobao.org/vscode-nls/download/vscode-nls-5.0.0.tgz#99f0da0bd9ea7cda44e565a74c54b1f2bc257840"
    integrity sha1-mfDaC9nqfNpE5WWnTFSx8rwleEA=
  
  vscode-uri@^3.0.2:
    version "3.0.2"
    resolved "https://registry.nlark.com/vscode-uri/download/vscode-uri-3.0.2.tgz#ecfd1d066cb8ef4c3a208decdbab9a8c23d055d0"
    integrity sha1-7P0dBmy470w6II3s26uajCPQVdA=
  
  which@^2.0.1:
    version "2.0.2"
    resolved "https://registry.npm.taobao.org/which/download/which-2.0.2.tgz"
    integrity sha1-fGqN0KY2oDJ+ELWckobu6T8/UbE=
    dependencies:
      isexe "^2.0.0"
  
  word-wrap@^1.2.3:
    version "1.2.3"
    resolved "https://registry.npm.taobao.org/word-wrap/download/word-wrap-1.2.3.tgz"
    integrity sha1-YQY29rH3A4kb00dxzLF/uTtHB5w=
  
  wrappy@1:
    version "1.0.2"
    resolved "https://registry.nlark.com/wrappy/download/wrappy-1.0.2.tgz"
    integrity sha1-tSQ9jz7BqjXxNkYFvA0QNuMKtp8=
  
  yallist@^4.0.0:
    version "4.0.0"
    resolved "https://registry.npm.taobao.org/yallist/download/yallist-4.0.0.tgz"
    integrity sha1-m7knkNnA7/7GO+c1GeEaNQGaOnI=
